Using pre-set license
Built from '2020.3/staging' branch; Version is '2020.3.22f1 (e1a7f79fd887) revision 14788599'; Using compiler version '192528614'; Build Type 'Release'
OS: 'Windows 10 Pro; OS build 19042.1348; Version 2009; 64bit' Language: 'ko' Physical Memory: 16301 MB
BatchMode: 1, IsHumanControllingUs: 0, StartBugReporterOnCrash: 0, Is64bit: 1, IsPro: 0

COMMAND LINE ARGUMENTS:
C:\Program Files\Unity\2020.3.22f1\Editor\Unity.exe
-adb2
-batchMode
-noUpm
-name
AssetImportWorker0
-projectPath
C:/Users/joys_/game_map
-logFile
Logs/AssetImportWorker0.log
-srvPort
52806
Successfully changed project path to: C:/Users/joys_/game_map
C:/Users/joys_/game_map
Using Asset Import Pipeline V2.
Refreshing native plugins compatible for Editor in 134.71 ms, found 3 plugins.
Preloading 0 native plugins for Editor in 0.00 ms.
Initialize engine version: 2020.3.22f1 (e1a7f79fd887)
[Subsystems] Discovering subsystems at path C:/Program Files/Unity/2020.3.22f1/Editor/Data/Resources/UnitySubsystems
[Subsystems] Discovering subsystems at path C:/Users/joys_/game_map/Assets
GfxDevice: creating device client; threaded=0
Direct3D:
    Version:  Direct3D 11.0 [level 11.1]
    Renderer: NVIDIA GeForce GTX 1050 (ID=0x1c8d)
    Vendor:   
    VRAM:     1979 MB
    Driver:   27.21.14.6589
Initialize mono
Mono path[0] = 'C:/Program Files/Unity/2020.3.22f1/Editor/Data/Managed'
Mono path[1] = 'C:/Program Files/Unity/2020.3.22f1/Editor/Data/MonoBleedingEdge/lib/mono/unityjit'
Mono config path = 'C:/Program Files/Unity/2020.3.22f1/Editor/Data/MonoBleedingEdge/etc'
Using monoOptions --debugger-agent=transport=dt_socket,embedding=1,server=y,suspend=n,address=127.0.0.1:56928
Begin MonoManager ReloadAssembly
Registering precompiled unity dll's ...
Register platform support module: C:/Program Files/Unity/2020.3.22f1/Editor/Data/PlaybackEngines/WindowsStandaloneSupport/UnityEditor.WindowsStandalone.Extensions.dll
Registered in 0.007081 seconds.
Native extension for WindowsStandalone target not found
Refreshing native plugins compatible for Editor in 78.57 ms, found 3 plugins.
Preloading 0 native plugins for Editor in 0.00 ms.
Mono: successfully reloaded assembly
- Completed reload, in  1.664 seconds
Domain Reload Profiling:
	ReloadAssembly (1665ms)
		BeginReloadAssembly (97ms)
			ExecutionOrderSort (0ms)
			DisableScriptedObjects (0ms)
			BackupInstance (0ms)
			ReleaseScriptingObjects (0ms)
			CreateAndSetChildDomain (1ms)
		EndReloadAssembly (662ms)
			LoadAssemblies (92ms)
			RebuildTransferFunctionScriptingTraits (0ms)
			SetupTypeCache (209ms)
			ReleaseScriptCaches (0ms)
			RebuildScriptCaches (39ms)
			SetupLoadedEditorAssemblies (252ms)
				LogAssemblyErrors (0ms)
				InitializePlatformSupportModulesInManaged (6ms)
				SetLoadedEditorAssemblies (0ms)
				RefreshPlugins (79ms)
				BeforeProcessingInitializeOnLoad (15ms)
				ProcessInitializeOnLoadAttributes (115ms)
				ProcessInitializeOnLoadMethodAttributes (37ms)
				AfterProcessingInitializeOnLoad (0ms)
				EditorAssembliesLoaded (0ms)
			ExecutionOrderSort2 (0ms)
			AwakeInstancesAfterBackupRestoration (0ms)
Platform modules already initialized, skipping
Registering precompiled user dll's ...
Registered in 0.022838 seconds.
Begin MonoManager ReloadAssembly
Native extension for WindowsStandalone target not found
Refreshing native plugins compatible for Editor in 104.33 ms, found 3 plugins.
Preloading 0 native plugins for Editor in 0.00 ms.
Mono: successfully reloaded assembly
- Completed reload, in  3.326 seconds
Domain Reload Profiling:
	ReloadAssembly (3328ms)
		BeginReloadAssembly (259ms)
			ExecutionOrderSort (0ms)
			DisableScriptedObjects (8ms)
			BackupInstance (0ms)
			ReleaseScriptingObjects (0ms)
			CreateAndSetChildDomain (29ms)
		EndReloadAssembly (2928ms)
			LoadAssemblies (222ms)
			RebuildTransferFunctionScriptingTraits (0ms)
			SetupTypeCache (495ms)
			ReleaseScriptCaches (1ms)
			RebuildScriptCaches (95ms)
			SetupLoadedEditorAssemblies (1922ms)
				LogAssemblyErrors (0ms)
				InitializePlatformSupportModulesInManaged (7ms)
				SetLoadedEditorAssemblies (0ms)
				RefreshPlugins (104ms)
				BeforeProcessingInitializeOnLoad (159ms)
				ProcessInitializeOnLoadAttributes (1621ms)
				ProcessInitializeOnLoadMethodAttributes (13ms)
				AfterProcessingInitializeOnLoad (16ms)
				EditorAssembliesLoaded (0ms)
			ExecutionOrderSort2 (0ms)
			AwakeInstancesAfterBackupRestoration (8ms)
Platform modules already initialized, skipping
========================================================================
Worker process is ready to serve import requests
Launched and connected shader compiler UnityShaderCompiler.exe after 0.15 seconds
Refreshing native plugins compatible for Editor in 1.63 ms, found 3 plugins.
Preloading 0 native plugins for Editor in 0.00 ms.
Unloading 2863 Unused Serialized files (Serialized files now loaded: 0)
System memory in use before: 132.8 MB.
System memory in use after: 133.0 MB.

Unloading 35 unused Assets to reduce memory usage. Loaded Objects now: 3297.
Total: 6.126000 ms (FindLiveObjects: 0.460400 ms CreateObjectMapping: 0.195000 ms MarkObjects: 5.282400 ms  DeleteObjects: 0.184900 ms)

AssetImportParameters requested are different than current active one (requested -> active):
  custom:framework-win-MediaFoundation: 216162199b28c13a410421893ffa2e32 -> 
  custom:video-decoder-ogg-theora: a1e56fd34408186e4bbccfd4996cb3dc -> 
  custom:container-muxer-webm: aa71ff27fc2769a1b78a27578f13a17b -> 
  custom:container-demuxer-webm: 4f35f7cbe854078d1ac9338744f61a02 -> 
  custom:container-demuxer-ogg: 62fdf1f143b41e24485cea50d1cbac27 -> 
  custom:video-encoder-webm-vp8: eb34c28f22e8b96e1ab97ce403110664 -> 
  custom:video-codec-MediaFoundation-h265: 746d11721c4dcdbdad8f713fa42b33f4 -> 
  custom:video-decoder-webm-vp8: 9c59270c3fd7afecdb556c50c9e8de78 -> 
  custom:audio-decoder-ogg-vorbis: bf7c407c2cedff20999df2af8eb42d56 -> 
  custom:audio-encoder-webm-vorbis: bf7c407c2cedff20999df2af8eb42d56 -> 
========================================================================
Received Import Request.
  path: Assets/Karting/Prefabs/Cameras/CinemachineVirtualCamera.prefab
  artifactKey: Guid(4366ba6a4d5213d4f9fc7bba3e778799) Importer(815301076,1909f56bfc062723c751e8b465ee728b)
Start importing Assets/Karting/Prefabs/Cameras/CinemachineVirtualCamera.prefab using Guid(4366ba6a4d5213d4f9fc7bba3e778799) Importer(815301076,1909f56bfc062723c751e8b465ee728b)  -> (artifact id: 'b0ce5142e0d3571360cfcaf1701c4d93') in 0.113665 seconds 
  Import took 0.121395 seconds .

========================================================================
Received Import Request.
  Time since last request: 0.000403 seconds.
  path: Assets/JU Voxel/Textures/UI Animation/Main Camera.controller
  artifactKey: Guid(f827a228e942fbe4c9995ea22c7455cf) Importer(815301076,1909f56bfc062723c751e8b465ee728b)
Start importing Assets/JU Voxel/Textures/UI Animation/Main Camera.controller using Guid(f827a228e942fbe4c9995ea22c7455cf) Importer(815301076,1909f56bfc062723c751e8b465ee728b)  -> (artifact id: '1f00487509437f20b73e8790784ef97d') in 0.022838 seconds 
  Import took 0.030493 seconds .

========================================================================
Received Import Request.
  Time since last request: 131.271864 seconds.
  path: Assets/Karting/Prefabs/KartClassic/BaseKartClassic.prefab
  artifactKey: Guid(cba6236a3ca88a54081cc989c4f0c08a) Importer(815301076,1909f56bfc062723c751e8b465ee728b)
Start importing Assets/Karting/Prefabs/KartClassic/BaseKartClassic.prefab using Guid(cba6236a3ca88a54081cc989c4f0c08a) Importer(815301076,1909f56bfc062723c751e8b465ee728b)  -> (artifact id: '6cafe163f4393ef0d85cd7136006a7b6') in 0.047433 seconds 
  Import took 0.060505 seconds .

========================================================================
Received Import Request.
  Time since last request: 0.000412 seconds.
  path: Assets/Karting/Prefabs/KartClassic/MLAgent_Sensors.prefab
  artifactKey: Guid(89eb64e47eca20d46b2b6de7cb33fb77) Importer(815301076,1909f56bfc062723c751e8b465ee728b)
Start importing Assets/Karting/Prefabs/KartClassic/MLAgent_Sensors.prefab using Guid(89eb64e47eca20d46b2b6de7cb33fb77) Importer(815301076,1909f56bfc062723c751e8b465ee728b)  -> (artifact id: '0bddd8dfa82a9468b4c719842d890eed') in 0.041251 seconds 
  Import took 0.051431 seconds .

========================================================================
Received Import Request.
  Time since last request: 0.000424 seconds.
  path: Assets/Karting/Prefabs/KartClassic/KartClassic_Player.prefab
  artifactKey: Guid(19954de30401f73428254541a9ad156e) Importer(815301076,1909f56bfc062723c751e8b465ee728b)
Start importing Assets/Karting/Prefabs/KartClassic/KartClassic_Player.prefab using Guid(19954de30401f73428254541a9ad156e) Importer(815301076,1909f56bfc062723c751e8b465ee728b)  -> (artifact id: 'e5484cf0f82308b3b5128cb94ccbf5ab') in 0.213127 seconds 
  Import took 0.228578 seconds .

========================================================================
Received Import Request.
  Time since last request: 0.000387 seconds.
  path: Assets/Karting/Prefabs/KartClassic/KartClassic_MLAgent.prefab
  artifactKey: Guid(5f7c5784d4776074089b56351be94b74) Importer(815301076,1909f56bfc062723c751e8b465ee728b)
Start importing Assets/Karting/Prefabs/KartClassic/KartClassic_MLAgent.prefab using Guid(5f7c5784d4776074089b56351be94b74) Importer(815301076,1909f56bfc062723c751e8b465ee728b)  -> (artifact id: '3da8f13b4773eeb1279a2d18906ac56d') in 0.118524 seconds 
  Import took 0.135290 seconds .

========================================================================
Received Prepare
Registering precompiled user dll's ...
Registered in 0.029375 seconds.
Begin MonoManager ReloadAssembly
Native extension for WindowsStandalone target not found
Refreshing native plugins compatible for Editor in 1.29 ms, found 3 plugins.
Preloading 0 native plugins for Editor in 0.00 ms.
Mono: successfully reloaded assembly
- Completed reload, in  4.175 seconds
Domain Reload Profiling:
	ReloadAssembly (4177ms)
		BeginReloadAssembly (799ms)
			ExecutionOrderSort (0ms)
			DisableScriptedObjects (22ms)
			BackupInstance (0ms)
			ReleaseScriptingObjects (0ms)
			CreateAndSetChildDomain (203ms)
		EndReloadAssembly (3016ms)
			LoadAssemblies (805ms)
			RebuildTransferFunctionScriptingTraits (0ms)
			SetupTypeCache (1201ms)
			ReleaseScriptCaches (2ms)
			RebuildScriptCaches (126ms)
			SetupLoadedEditorAssemblies (880ms)
				LogAssemblyErrors (0ms)
				InitializePlatformSupportModulesInManaged (11ms)
				SetLoadedEditorAssemblies (1ms)
				RefreshPlugins (1ms)
				BeforeProcessingInitializeOnLoad (170ms)
				ProcessInitializeOnLoadAttributes (662ms)
				ProcessInitializeOnLoadMethodAttributes (14ms)
				AfterProcessingInitializeOnLoad (20ms)
				EditorAssembliesLoaded (0ms)
			ExecutionOrderSort2 (0ms)
			AwakeInstancesAfterBackupRestoration (10ms)
Platform modules already initialized, skipping
Refreshing native plugins compatible for Editor in 1.01 ms, found 3 plugins.
Preloading 0 native plugins for Editor in 0.00 ms.
Unloading 2795 Unused Serialized files (Serialized files now loaded: 0)
System memory in use before: 129.6 MB.
System memory in use after: 129.8 MB.

Unloading 30 unused Assets to reduce memory usage. Loaded Objects now: 3307.
Total: 5.218700 ms (FindLiveObjects: 0.382700 ms CreateObjectMapping: 0.202700 ms MarkObjects: 4.540200 ms  DeleteObjects: 0.091600 ms)

AssetImportParameters requested are different than current active one (requested -> active):
  custom:framework-win-MediaFoundation: 216162199b28c13a410421893ffa2e32 -> 
  custom:video-decoder-ogg-theora: a1e56fd34408186e4bbccfd4996cb3dc -> 
  custom:container-muxer-webm: aa71ff27fc2769a1b78a27578f13a17b -> 
  custom:container-demuxer-webm: 4f35f7cbe854078d1ac9338744f61a02 -> 
  custom:container-demuxer-ogg: 62fdf1f143b41e24485cea50d1cbac27 -> 
  custom:video-encoder-webm-vp8: eb34c28f22e8b96e1ab97ce403110664 -> 
  custom:video-codec-MediaFoundation-h265: 746d11721c4dcdbdad8f713fa42b33f4 -> 
  custom:video-decoder-webm-vp8: 9c59270c3fd7afecdb556c50c9e8de78 -> 
  custom:audio-decoder-ogg-vorbis: bf7c407c2cedff20999df2af8eb42d56 -> 
  custom:audio-encoder-webm-vorbis: bf7c407c2cedff20999df2af8eb42d56 -> 
========================================================================
Received Import Request.
  Time since last request: 536.804082 seconds.
  path: Assets/Karting/Scripts/KartSystems/Inputs/KeyboardInput.cs
  artifactKey: Guid(7f292ffb948323c49ac31e54ff737ea2) Importer(815301076,1909f56bfc062723c751e8b465ee728b)
Start importing Assets/Karting/Scripts/KartSystems/Inputs/KeyboardInput.cs using Guid(7f292ffb948323c49ac31e54ff737ea2) Importer(815301076,1909f56bfc062723c751e8b465ee728b)  -> (artifact id: 'a3f7fde36af1392d168bfa69dd5e131c') in 0.029328 seconds 
  Import took 0.041430 seconds .

========================================================================
Received Prepare
Registering precompiled user dll's ...
Registered in 0.039945 seconds.
Begin MonoManager ReloadAssembly
Native extension for WindowsStandalone target not found
Refreshing native plugins compatible for Editor in 0.94 ms, found 3 plugins.
Preloading 0 native plugins for Editor in 0.00 ms.
Mono: successfully reloaded assembly
- Completed reload, in  2.034 seconds
Domain Reload Profiling:
	ReloadAssembly (2034ms)
		BeginReloadAssembly (297ms)
			ExecutionOrderSort (0ms)
			DisableScriptedObjects (9ms)
			BackupInstance (0ms)
			ReleaseScriptingObjects (0ms)
			CreateAndSetChildDomain (80ms)
		EndReloadAssembly (1597ms)
			LoadAssemblies (272ms)
			RebuildTransferFunctionScriptingTraits (0ms)
			SetupTypeCache (518ms)
			ReleaseScriptCaches (1ms)
			RebuildScriptCaches (59ms)
			SetupLoadedEditorAssemblies (674ms)
				LogAssemblyErrors (0ms)
				InitializePlatformSupportModulesInManaged (8ms)
				SetLoadedEditorAssemblies (1ms)
				RefreshPlugins (1ms)
				BeforeProcessingInitializeOnLoad (117ms)
				ProcessInitializeOnLoadAttributes (516ms)
				ProcessInitializeOnLoadMethodAttributes (14ms)
				AfterProcessingInitializeOnLoad (16ms)
				EditorAssembliesLoaded (0ms)
			ExecutionOrderSort2 (0ms)
			AwakeInstancesAfterBackupRestoration (11ms)
Platform modules already initialized, skipping
Refreshing native plugins compatible for Editor in 0.97 ms, found 3 plugins.
Preloading 0 native plugins for Editor in 0.00 ms.
Unloading 2795 Unused Serialized files (Serialized files now loaded: 0)
System memory in use before: 129.7 MB.
System memory in use after: 129.9 MB.

Unloading 30 unused Assets to reduce memory usage. Loaded Objects now: 3310.
Total: 5.828500 ms (FindLiveObjects: 0.370100 ms CreateObjectMapping: 0.170100 ms MarkObjects: 5.199300 ms  DeleteObjects: 0.087500 ms)

AssetImportParameters requested are different than current active one (requested -> active):
  custom:framework-win-MediaFoundation: 216162199b28c13a410421893ffa2e32 -> 
  custom:video-decoder-ogg-theora: a1e56fd34408186e4bbccfd4996cb3dc -> 
  custom:container-muxer-webm: aa71ff27fc2769a1b78a27578f13a17b -> 
  custom:container-demuxer-webm: 4f35f7cbe854078d1ac9338744f61a02 -> 
  custom:container-demuxer-ogg: 62fdf1f143b41e24485cea50d1cbac27 -> 
  custom:video-encoder-webm-vp8: eb34c28f22e8b96e1ab97ce403110664 -> 
  custom:video-codec-MediaFoundation-h265: 746d11721c4dcdbdad8f713fa42b33f4 -> 
  custom:video-decoder-webm-vp8: 9c59270c3fd7afecdb556c50c9e8de78 -> 
  custom:audio-decoder-ogg-vorbis: bf7c407c2cedff20999df2af8eb42d56 -> 
  custom:audio-encoder-webm-vorbis: bf7c407c2cedff20999df2af8eb42d56 -> 
========================================================================
Received Prepare
Registering precompiled user dll's ...
Registered in 0.037796 seconds.
Begin MonoManager ReloadAssembly
Native extension for WindowsStandalone target not found
Refreshing native plugins compatible for Editor in 0.93 ms, found 3 plugins.
Preloading 0 native plugins for Editor in 0.00 ms.
Mono: successfully reloaded assembly
- Completed reload, in  1.729 seconds
Domain Reload Profiling:
	ReloadAssembly (1730ms)
		BeginReloadAssembly (240ms)
			ExecutionOrderSort (0ms)
			DisableScriptedObjects (6ms)
			BackupInstance (0ms)
			ReleaseScriptingObjects (0ms)
			CreateAndSetChildDomain (76ms)
		EndReloadAssembly (1398ms)
			LoadAssemblies (186ms)
			RebuildTransferFunctionScriptingTraits (0ms)
			SetupTypeCache (431ms)
			ReleaseScriptCaches (1ms)
			RebuildScriptCaches (55ms)
			SetupLoadedEditorAssemblies (632ms)
				LogAssemblyErrors (0ms)
				InitializePlatformSupportModulesInManaged (8ms)
				SetLoadedEditorAssemblies (1ms)
				RefreshPlugins (1ms)
				BeforeProcessingInitializeOnLoad (110ms)
				ProcessInitializeOnLoadAttributes (484ms)
				ProcessInitializeOnLoadMethodAttributes (12ms)
				AfterProcessingInitializeOnLoad (16ms)
				EditorAssembliesLoaded (0ms)
			ExecutionOrderSort2 (0ms)
			AwakeInstancesAfterBackupRestoration (12ms)
Platform modules already initialized, skipping
Refreshing native plugins compatible for Editor in 0.93 ms, found 3 plugins.
Preloading 0 native plugins for Editor in 0.00 ms.
Unloading 2795 Unused Serialized files (Serialized files now loaded: 0)
System memory in use before: 129.7 MB.
System memory in use after: 129.9 MB.

Unloading 30 unused Assets to reduce memory usage. Loaded Objects now: 3313.
Total: 6.038500 ms (FindLiveObjects: 0.423300 ms CreateObjectMapping: 0.170600 ms MarkObjects: 5.357100 ms  DeleteObjects: 0.086000 ms)

AssetImportParameters requested are different than current active one (requested -> active):
  custom:framework-win-MediaFoundation: 216162199b28c13a410421893ffa2e32 -> 
  custom:video-decoder-ogg-theora: a1e56fd34408186e4bbccfd4996cb3dc -> 
  custom:container-muxer-webm: aa71ff27fc2769a1b78a27578f13a17b -> 
  custom:container-demuxer-webm: 4f35f7cbe854078d1ac9338744f61a02 -> 
  custom:container-demuxer-ogg: 62fdf1f143b41e24485cea50d1cbac27 -> 
  custom:video-encoder-webm-vp8: eb34c28f22e8b96e1ab97ce403110664 -> 
  custom:video-codec-MediaFoundation-h265: 746d11721c4dcdbdad8f713fa42b33f4 -> 
  custom:video-decoder-webm-vp8: 9c59270c3fd7afecdb556c50c9e8de78 -> 
  custom:audio-decoder-ogg-vorbis: bf7c407c2cedff20999df2af8eb42d56 -> 
  custom:audio-encoder-webm-vorbis: bf7c407c2cedff20999df2af8eb42d56 -> 
========================================================================
Received Import Request.
  Time since last request: 506.059120 seconds.
  path: Assets/Karting/Scripts/KartSystems/Inputs/BaseInput.cs
  artifactKey: Guid(7a15cc26383ce5a47b722077c945de4a) Importer(815301076,1909f56bfc062723c751e8b465ee728b)
Start importing Assets/Karting/Scripts/KartSystems/Inputs/BaseInput.cs using Guid(7a15cc26383ce5a47b722077c945de4a) Importer(815301076,1909f56bfc062723c751e8b465ee728b)  -> (artifact id: '5536e3194dfe98e10dc89b8be77e825e') in 0.023684 seconds 
  Import took 0.036417 seconds .

========================================================================
Received Prepare
Registering precompiled user dll's ...
Registered in 0.020025 seconds.
Begin MonoManager ReloadAssembly
Native extension for WindowsStandalone target not found
Refreshing native plugins compatible for Editor in 1.04 ms, found 3 plugins.
Preloading 0 native plugins for Editor in 0.00 ms.
Mono: successfully reloaded assembly
- Completed reload, in  2.400 seconds
Domain Reload Profiling:
	ReloadAssembly (2402ms)
		BeginReloadAssembly (330ms)
			ExecutionOrderSort (0ms)
			DisableScriptedObjects (12ms)
			BackupInstance (0ms)
			ReleaseScriptingObjects (0ms)
			CreateAndSetChildDomain (96ms)
		EndReloadAssembly (1915ms)
			LoadAssemblies (307ms)
			RebuildTransferFunctionScriptingTraits (0ms)
			SetupTypeCache (624ms)
			ReleaseScriptCaches (2ms)
			RebuildScriptCaches (81ms)
			SetupLoadedEditorAssemblies (774ms)
				LogAssemblyErrors (0ms)
				InitializePlatformSupportModulesInManaged (9ms)
				SetLoadedEditorAssemblies (1ms)
				RefreshPlugins (1ms)
				BeforeProcessingInitializeOnLoad (147ms)
				ProcessInitializeOnLoadAttributes (584ms)
				ProcessInitializeOnLoadMethodAttributes (14ms)
				AfterProcessingInitializeOnLoad (19ms)
				EditorAssembliesLoaded (0ms)
			ExecutionOrderSort2 (0ms)
			AwakeInstancesAfterBackupRestoration (15ms)
Platform modules already initialized, skipping
Refreshing native plugins compatible for Editor in 0.95 ms, found 3 plugins.
Preloading 0 native plugins for Editor in 0.00 ms.
Unloading 2795 Unused Serialized files (Serialized files now loaded: 0)
System memory in use before: 129.7 MB.
System memory in use after: 129.9 MB.

Unloading 30 unused Assets to reduce memory usage. Loaded Objects now: 3316.
Total: 5.817300 ms (FindLiveObjects: 0.420500 ms CreateObjectMapping: 0.209400 ms MarkObjects: 5.100400 ms  DeleteObjects: 0.085900 ms)

AssetImportParameters requested are different than current active one (requested -> active):
  custom:framework-win-MediaFoundation: 216162199b28c13a410421893ffa2e32 -> 
  custom:video-decoder-ogg-theora: a1e56fd34408186e4bbccfd4996cb3dc -> 
  custom:container-muxer-webm: aa71ff27fc2769a1b78a27578f13a17b -> 
  custom:container-demuxer-webm: 4f35f7cbe854078d1ac9338744f61a02 -> 
  custom:container-demuxer-ogg: 62fdf1f143b41e24485cea50d1cbac27 -> 
  custom:video-encoder-webm-vp8: eb34c28f22e8b96e1ab97ce403110664 -> 
  custom:video-codec-MediaFoundation-h265: 746d11721c4dcdbdad8f713fa42b33f4 -> 
  custom:video-decoder-webm-vp8: 9c59270c3fd7afecdb556c50c9e8de78 -> 
  custom:audio-decoder-ogg-vorbis: bf7c407c2cedff20999df2af8eb42d56 -> 
  custom:audio-encoder-webm-vorbis: bf7c407c2cedff20999df2af8eb42d56 -> 
========================================================================
Received Prepare
Registering precompiled user dll's ...
Registered in 0.034962 seconds.
Begin MonoManager ReloadAssembly
Native extension for WindowsStandalone target not found
Refreshing native plugins compatible for Editor in 1.36 ms, found 3 plugins.
Preloading 0 native plugins for Editor in 0.00 ms.
Mono: successfully reloaded assembly
- Completed reload, in  2.669 seconds
Domain Reload Profiling:
	ReloadAssembly (2670ms)
		BeginReloadAssembly (365ms)
			ExecutionOrderSort (0ms)
			DisableScriptedObjects (11ms)
			BackupInstance (0ms)
			ReleaseScriptingObjects (0ms)
			CreateAndSetChildDomain (94ms)
		EndReloadAssembly (2142ms)
			LoadAssemblies (335ms)
			RebuildTransferFunctionScriptingTraits (0ms)
			SetupTypeCache (698ms)
			ReleaseScriptCaches (2ms)
			RebuildScriptCaches (81ms)
			SetupLoadedEditorAssemblies (895ms)
				LogAssemblyErrors (0ms)
				InitializePlatformSupportModulesInManaged (12ms)
				SetLoadedEditorAssemblies (1ms)
				RefreshPlugins (2ms)
				BeforeProcessingInitializeOnLoad (171ms)
				ProcessInitializeOnLoadAttributes (673ms)
				ProcessInitializeOnLoadMethodAttributes (16ms)
				AfterProcessingInitializeOnLoad (21ms)
				EditorAssembliesLoaded (0ms)
			ExecutionOrderSort2 (0ms)
			AwakeInstancesAfterBackupRestoration (18ms)
Platform modules already initialized, skipping
Refreshing native plugins compatible for Editor in 1.07 ms, found 3 plugins.
Preloading 0 native plugins for Editor in 0.00 ms.
Unloading 2795 Unused Serialized files (Serialized files now loaded: 0)
System memory in use before: 129.8 MB.
System memory in use after: 129.9 MB.

Unloading 30 unused Assets to reduce memory usage. Loaded Objects now: 3319.
Total: 8.756900 ms (FindLiveObjects: 0.426100 ms CreateObjectMapping: 0.177900 ms MarkObjects: 8.052200 ms  DeleteObjects: 0.098900 ms)

AssetImportParameters requested are different than current active one (requested -> active):
  custom:framework-win-MediaFoundation: 216162199b28c13a410421893ffa2e32 -> 
  custom:video-decoder-ogg-theora: a1e56fd34408186e4bbccfd4996cb3dc -> 
  custom:container-muxer-webm: aa71ff27fc2769a1b78a27578f13a17b -> 
  custom:container-demuxer-webm: 4f35f7cbe854078d1ac9338744f61a02 -> 
  custom:container-demuxer-ogg: 62fdf1f143b41e24485cea50d1cbac27 -> 
  custom:video-encoder-webm-vp8: eb34c28f22e8b96e1ab97ce403110664 -> 
  custom:video-codec-MediaFoundation-h265: 746d11721c4dcdbdad8f713fa42b33f4 -> 
  custom:video-decoder-webm-vp8: 9c59270c3fd7afecdb556c50c9e8de78 -> 
  custom:audio-decoder-ogg-vorbis: bf7c407c2cedff20999df2af8eb42d56 -> 
  custom:audio-encoder-webm-vorbis: bf7c407c2cedff20999df2af8eb42d56 -> 
========================================================================
Received Prepare
Registering precompiled user dll's ...
Registered in 0.038241 seconds.
Begin MonoManager ReloadAssembly
Native extension for WindowsStandalone target not found
Refreshing native plugins compatible for Editor in 1.39 ms, found 3 plugins.
Preloading 0 native plugins for Editor in 0.00 ms.
Mono: successfully reloaded assembly
- Completed reload, in  4.613 seconds
Domain Reload Profiling:
	ReloadAssembly (4614ms)
		BeginReloadAssembly (408ms)
			ExecutionOrderSort (0ms)
			DisableScriptedObjects (17ms)
			BackupInstance (0ms)
			ReleaseScriptingObjects (0ms)
			CreateAndSetChildDomain (102ms)
		EndReloadAssembly (3757ms)
			LoadAssemblies (491ms)
			RebuildTransferFunctionScriptingTraits (0ms)
			SetupTypeCache (1329ms)
			ReleaseScriptCaches (3ms)
			RebuildScriptCaches (183ms)
			SetupLoadedEditorAssemblies (1436ms)
				LogAssemblyErrors (0ms)
				InitializePlatformSupportModulesInManaged (14ms)
				SetLoadedEditorAssemblies (1ms)
				RefreshPlugins (2ms)
				BeforeProcessingInitializeOnLoad (245ms)
				ProcessInitializeOnLoadAttributes (1113ms)
				ProcessInitializeOnLoadMethodAttributes (25ms)
				AfterProcessingInitializeOnLoad (36ms)
				EditorAssembliesLoaded (1ms)
			ExecutionOrderSort2 (0ms)
			AwakeInstancesAfterBackupRestoration (45ms)
Platform modules already initialized, skipping
Refreshing native plugins compatible for Editor in 3.86 ms, found 3 plugins.
Preloading 0 native plugins for Editor in 0.00 ms.
Unloading 2795 Unused Serialized files (Serialized files now loaded: 0)
System memory in use before: 129.8 MB.
System memory in use after: 129.9 MB.

Unloading 30 unused Assets to reduce memory usage. Loaded Objects now: 3322.
Total: 10.409100 ms (FindLiveObjects: 0.598500 ms CreateObjectMapping: 0.378100 ms MarkObjects: 9.267100 ms  DeleteObjects: 0.162300 ms)

AssetImportParameters requested are different than current active one (requested -> active):
  custom:framework-win-MediaFoundation: 216162199b28c13a410421893ffa2e32 -> 
  custom:video-decoder-ogg-theora: a1e56fd34408186e4bbccfd4996cb3dc -> 
  custom:container-muxer-webm: aa71ff27fc2769a1b78a27578f13a17b -> 
  custom:container-demuxer-webm: 4f35f7cbe854078d1ac9338744f61a02 -> 
  custom:container-demuxer-ogg: 62fdf1f143b41e24485cea50d1cbac27 -> 
  custom:video-encoder-webm-vp8: eb34c28f22e8b96e1ab97ce403110664 -> 
  custom:video-codec-MediaFoundation-h265: 746d11721c4dcdbdad8f713fa42b33f4 -> 
  custom:video-decoder-webm-vp8: 9c59270c3fd7afecdb556c50c9e8de78 -> 
  custom:audio-decoder-ogg-vorbis: bf7c407c2cedff20999df2af8eb42d56 -> 
  custom:audio-encoder-webm-vorbis: bf7c407c2cedff20999df2af8eb42d56 -> 
========================================================================
Received Prepare
Registering precompiled user dll's ...
Registered in 0.018654 seconds.
Begin MonoManager ReloadAssembly
Native extension for WindowsStandalone target not found
Refreshing native plugins compatible for Editor in 0.89 ms, found 3 plugins.
Preloading 0 native plugins for Editor in 0.00 ms.
Mono: successfully reloaded assembly
- Completed reload, in  1.725 seconds
Domain Reload Profiling:
	ReloadAssembly (1726ms)
		BeginReloadAssembly (208ms)
			ExecutionOrderSort (0ms)
			DisableScriptedObjects (5ms)
			BackupInstance (0ms)
			ReleaseScriptingObjects (0ms)
			CreateAndSetChildDomain (58ms)
		EndReloadAssembly (1432ms)
			LoadAssemblies (192ms)
			RebuildTransferFunctionScriptingTraits (0ms)
			SetupTypeCache (411ms)
			ReleaseScriptCaches (1ms)
			RebuildScriptCaches (58ms)
			SetupLoadedEditorAssemblies (648ms)
				LogAssemblyErrors (0ms)
				InitializePlatformSupportModulesInManaged (7ms)
				SetLoadedEditorAssemblies (1ms)
				RefreshPlugins (1ms)
				BeforeProcessingInitializeOnLoad (109ms)
				ProcessInitializeOnLoadAttributes (501ms)
				ProcessInitializeOnLoadMethodAttributes (12ms)
				AfterProcessingInitializeOnLoad (16ms)
				EditorAssembliesLoaded (0ms)
			ExecutionOrderSort2 (0ms)
			AwakeInstancesAfterBackupRestoration (20ms)
Platform modules already initialized, skipping
Refreshing native plugins compatible for Editor in 0.97 ms, found 3 plugins.
Preloading 0 native plugins for Editor in 0.00 ms.
Unloading 2795 Unused Serialized files (Serialized files now loaded: 0)
System memory in use before: 129.8 MB.
System memory in use after: 130.0 MB.

Unloading 30 unused Assets to reduce memory usage. Loaded Objects now: 3325.
Total: 5.897000 ms (FindLiveObjects: 0.376200 ms CreateObjectMapping: 0.151000 ms MarkObjects: 5.278400 ms  DeleteObjects: 0.089800 ms)

AssetImportParameters requested are different than current active one (requested -> active):
  custom:framework-win-MediaFoundation: 216162199b28c13a410421893ffa2e32 -> 
  custom:video-decoder-ogg-theora: a1e56fd34408186e4bbccfd4996cb3dc -> 
  custom:container-muxer-webm: aa71ff27fc2769a1b78a27578f13a17b -> 
  custom:container-demuxer-webm: 4f35f7cbe854078d1ac9338744f61a02 -> 
  custom:container-demuxer-ogg: 62fdf1f143b41e24485cea50d1cbac27 -> 
  custom:video-encoder-webm-vp8: eb34c28f22e8b96e1ab97ce403110664 -> 
  custom:video-codec-MediaFoundation-h265: 746d11721c4dcdbdad8f713fa42b33f4 -> 
  custom:video-decoder-webm-vp8: 9c59270c3fd7afecdb556c50c9e8de78 -> 
  custom:audio-decoder-ogg-vorbis: bf7c407c2cedff20999df2af8eb42d56 -> 
  custom:audio-encoder-webm-vorbis: bf7c407c2cedff20999df2af8eb42d56 -> 
========================================================================
Received Prepare
Registering precompiled user dll's ...
Registered in 0.021965 seconds.
Begin MonoManager ReloadAssembly
Native extension for WindowsStandalone target not found
Refreshing native plugins compatible for Editor in 1.04 ms, found 3 plugins.
Preloading 0 native plugins for Editor in 0.00 ms.
Mono: successfully reloaded assembly
- Completed reload, in  2.145 seconds
Domain Reload Profiling:
	ReloadAssembly (2146ms)
		BeginReloadAssembly (259ms)
			ExecutionOrderSort (0ms)
			DisableScriptedObjects (5ms)
			BackupInstance (0ms)
			ReleaseScriptingObjects (0ms)
			CreateAndSetChildDomain (72ms)
		EndReloadAssembly (1786ms)
			LoadAssemblies (215ms)
			RebuildTransferFunctionScriptingTraits (0ms)
			SetupTypeCache (467ms)
			ReleaseScriptCaches (2ms)
			RebuildScriptCaches (83ms)
			SetupLoadedEditorAssemblies (851ms)
				LogAssemblyErrors (0ms)
				InitializePlatformSupportModulesInManaged (11ms)
				SetLoadedEditorAssemblies (1ms)
				RefreshPlugins (1ms)
				BeforeProcessingInitializeOnLoad (126ms)
				ProcessInitializeOnLoadAttributes (665ms)
				ProcessInitializeOnLoadMethodAttributes (21ms)
				AfterProcessingInitializeOnLoad (26ms)
				EditorAssembliesLoaded (0ms)
			ExecutionOrderSort2 (0ms)
			AwakeInstancesAfterBackupRestoration (29ms)
Platform modules already initialized, skipping
Refreshing native plugins compatible for Editor in 1.11 ms, found 3 plugins.
Preloading 0 native plugins for Editor in 0.00 ms.
Unloading 2795 Unused Serialized files (Serialized files now loaded: 0)
System memory in use before: 129.8 MB.
System memory in use after: 130.0 MB.

Unloading 30 unused Assets to reduce memory usage. Loaded Objects now: 3328.
Total: 6.938200 ms (FindLiveObjects: 0.489300 ms CreateObjectMapping: 0.227100 ms MarkObjects: 6.101800 ms  DeleteObjects: 0.117900 ms)

AssetImportParameters requested are different than current active one (requested -> active):
  custom:framework-win-MediaFoundation: 216162199b28c13a410421893ffa2e32 -> 
  custom:video-decoder-ogg-theora: a1e56fd34408186e4bbccfd4996cb3dc -> 
  custom:container-muxer-webm: aa71ff27fc2769a1b78a27578f13a17b -> 
  custom:container-demuxer-webm: 4f35f7cbe854078d1ac9338744f61a02 -> 
  custom:container-demuxer-ogg: 62fdf1f143b41e24485cea50d1cbac27 -> 
  custom:video-encoder-webm-vp8: eb34c28f22e8b96e1ab97ce403110664 -> 
  custom:video-codec-MediaFoundation-h265: 746d11721c4dcdbdad8f713fa42b33f4 -> 
  custom:video-decoder-webm-vp8: 9c59270c3fd7afecdb556c50c9e8de78 -> 
  custom:audio-decoder-ogg-vorbis: bf7c407c2cedff20999df2af8eb42d56 -> 
  custom:audio-encoder-webm-vorbis: bf7c407c2cedff20999df2af8eb42d56 -> 
========================================================================
Received Prepare
Registering precompiled user dll's ...
Registered in 0.019968 seconds.
Begin MonoManager ReloadAssembly
Native extension for WindowsStandalone target not found
Refreshing native plugins compatible for Editor in 0.88 ms, found 3 plugins.
Preloading 0 native plugins for Editor in 0.00 ms.
Mono: successfully reloaded assembly
- Completed reload, in  1.697 seconds
Domain Reload Profiling:
	ReloadAssembly (1697ms)
		BeginReloadAssembly (235ms)
			ExecutionOrderSort (0ms)
			DisableScriptedObjects (8ms)
			BackupInstance (0ms)
			ReleaseScriptingObjects (0ms)
			CreateAndSetChildDomain (65ms)
		EndReloadAssembly (1376ms)
			LoadAssemblies (191ms)
			RebuildTransferFunctionScriptingTraits (0ms)
			SetupTypeCache (417ms)
			ReleaseScriptCaches (1ms)
			RebuildScriptCaches (56ms)
			SetupLoadedEditorAssemblies (605ms)
				LogAssemblyErrors (0ms)
				InitializePlatformSupportModulesInManaged (7ms)
				SetLoadedEditorAssemblies (1ms)
				RefreshPlugins (1ms)
				BeforeProcessingInitializeOnLoad (106ms)
				ProcessInitializeOnLoadAttributes (464ms)
				ProcessInitializeOnLoadMethodAttributes (11ms)
				AfterProcessingInitializeOnLoad (15ms)
				EditorAssembliesLoaded (0ms)
			ExecutionOrderSort2 (0ms)
			AwakeInstancesAfterBackupRestoration (17ms)
Platform modules already initialized, skipping
Refreshing native plugins compatible for Editor in 0.92 ms, found 3 plugins.
Preloading 0 native plugins for Editor in 0.00 ms.
Unloading 2795 Unused Serialized files (Serialized files now loaded: 0)
System memory in use before: 129.8 MB.
System memory in use after: 130.0 MB.

Unloading 30 unused Assets to reduce memory usage. Loaded Objects now: 3331.
Total: 5.602100 ms (FindLiveObjects: 0.377300 ms CreateObjectMapping: 0.159200 ms MarkObjects: 4.965100 ms  DeleteObjects: 0.099100 ms)

AssetImportParameters requested are different than current active one (requested -> active):
  custom:framework-win-MediaFoundation: 216162199b28c13a410421893ffa2e32 -> 
  custom:video-decoder-ogg-theora: a1e56fd34408186e4bbccfd4996cb3dc -> 
  custom:container-muxer-webm: aa71ff27fc2769a1b78a27578f13a17b -> 
  custom:container-demuxer-webm: 4f35f7cbe854078d1ac9338744f61a02 -> 
  custom:container-demuxer-ogg: 62fdf1f143b41e24485cea50d1cbac27 -> 
  custom:video-encoder-webm-vp8: eb34c28f22e8b96e1ab97ce403110664 -> 
  custom:video-codec-MediaFoundation-h265: 746d11721c4dcdbdad8f713fa42b33f4 -> 
  custom:video-decoder-webm-vp8: 9c59270c3fd7afecdb556c50c9e8de78 -> 
  custom:audio-decoder-ogg-vorbis: bf7c407c2cedff20999df2af8eb42d56 -> 
  custom:audio-encoder-webm-vorbis: bf7c407c2cedff20999df2af8eb42d56 -> 
========================================================================
Received Import Request.
  Time since last request: 2448.960455 seconds.
  path: Assets/CartoonTank_Pack/03_Fbx/BG_Fbx/BG_Object.FBX
  artifactKey: Guid(7c98f4ae88f405744b24b2899e8e9a6a) Importer(815301076,1909f56bfc062723c751e8b465ee728b)
Start importing Assets/CartoonTank_Pack/03_Fbx/BG_Fbx/BG_Object.FBX using Guid(7c98f4ae88f405744b24b2899e8e9a6a) Importer(815301076,1909f56bfc062723c751e8b465ee728b)  -> (artifact id: 'fbfa690dc3f7ea981ebf33a59c0b62fd') in 0.448223 seconds 
  Import took 0.456757 seconds .

========================================================================
Received Import Request.
  Time since last request: 0.000308 seconds.
  path: Assets/Karting/ModularTrackKit/Models/ModularTrackBank.fbx
  artifactKey: Guid(994f97374df6444279b54b520d1535c3) Importer(815301076,1909f56bfc062723c751e8b465ee728b)
Start importing Assets/Karting/ModularTrackKit/Models/ModularTrackBank.fbx using Guid(994f97374df6444279b54b520d1535c3) Importer(815301076,1909f56bfc062723c751e8b465ee728b)  -> (artifact id: 'ae4f64da2338f91d4521237ac165d7a1') in 0.073208 seconds 
  Import took 0.082937 seconds .

========================================================================
Received Import Request.
  Time since last request: 0.000310 seconds.
  path: Assets/Mod Assets/ModResources/BillboardMeshes/billboard_3D_basic.fbx
  artifactKey: Guid(ad9c1e36fab414677bc655cab88a1b71) Importer(815301076,1909f56bfc062723c751e8b465ee728b)
Start importing Assets/Mod Assets/ModResources/BillboardMeshes/billboard_3D_basic.fbx using Guid(ad9c1e36fab414677bc655cab88a1b71) Importer(815301076,1909f56bfc062723c751e8b465ee728b)  -> (artifact id: 'dd03e1512d7378267fcdbe5a4b6c9b30') in 0.059435 seconds 
  Import took 0.066979 seconds .

========================================================================
Received Import Request.
  Time since last request: 0.000316 seconds.
  path: Assets/Karting/ModularTrackKit/Models/ModularTrackCurveLeft.fbx
  artifactKey: Guid(a0922edcbe6b74564b40735068507f0c) Importer(815301076,1909f56bfc062723c751e8b465ee728b)
Start importing Assets/Karting/ModularTrackKit/Models/ModularTrackCurveLeft.fbx using Guid(a0922edcbe6b74564b40735068507f0c) Importer(815301076,1909f56bfc062723c751e8b465ee728b)  -> (artifact id: '31f83239bcd34052a4183f8b6f3ce47d') in 0.057131 seconds 
  Import took 0.064648 seconds .

========================================================================
Received Import Request.
  Time since last request: 0.000304 seconds.
  path: Assets/Karting/ModularTrackKit/Models/ModularTrackBumpyStraight.fbx
  artifactKey: Guid(8bd11d186751541b5bbd80f5cf827fee) Importer(815301076,1909f56bfc062723c751e8b465ee728b)
Start importing Assets/Karting/ModularTrackKit/Models/ModularTrackBumpyStraight.fbx using Guid(8bd11d186751541b5bbd80f5cf827fee) Importer(815301076,1909f56bfc062723c751e8b465ee728b)  -> (artifact id: 'c328e00b8deb89e1ab1ec25acea47adb') in 0.050297 seconds 
  Import took 0.057026 seconds .

========================================================================
Received Import Request.
  Time since last request: 0.000348 seconds.
  path: Assets/Karting/ModularTrackKit/Models/ModularTrackCantMediumLeft.fbx
  artifactKey: Guid(193fbff110f9a4b5ea39398504a85034) Importer(815301076,1909f56bfc062723c751e8b465ee728b)
Start importing Assets/Karting/ModularTrackKit/Models/ModularTrackCantMediumLeft.fbx using Guid(193fbff110f9a4b5ea39398504a85034) Importer(815301076,1909f56bfc062723c751e8b465ee728b)  -> (artifact id: '3596765fd107af0b0399867c81bfa862') in 0.056058 seconds 
  Import took 0.062977 seconds .

========================================================================
Received Import Request.
  Time since last request: 0.000360 seconds.
  path: Assets/Karting/ModularTrackKit/Models/ModularTrackCantSmallLeft.fbx
  artifactKey: Guid(4bf1a364dc54642f9a8a2d20c3cae318) Importer(815301076,1909f56bfc062723c751e8b465ee728b)
Start importing Assets/Karting/ModularTrackKit/Models/ModularTrackCantSmallLeft.fbx using Guid(4bf1a364dc54642f9a8a2d20c3cae318) Importer(815301076,1909f56bfc062723c751e8b465ee728b)  -> (artifact id: '945d8689536034cb6a6b06e9bf31af27') in 0.050122 seconds 
  Import took 0.057079 seconds .

========================================================================
Received Import Request.
  Time since last request: 0.000378 seconds.
  path: Assets/CartoonTank_Pack/03_Fbx/BG_Fbx/Bullet.FBX
  artifactKey: Guid(54699d62fd311d24e925df2b406eb600) Importer(815301076,1909f56bfc062723c751e8b465ee728b)
Start importing Assets/CartoonTank_Pack/03_Fbx/BG_Fbx/Bullet.FBX using Guid(54699d62fd311d24e925df2b406eb600) Importer(815301076,1909f56bfc062723c751e8b465ee728b)  -> (artifact id: '289a96dab5c8b6743c9425990284846f') in 0.078226 seconds 
  Import took 0.086194 seconds .

========================================================================
Received Import Request.
  Time since last request: 0.000425 seconds.
  path: Assets/Mod Assets/3DProps/AncientProps/Pillar.fbx
  artifactKey: Guid(44e1bc51d0853468d8baf487909db950) Importer(815301076,1909f56bfc062723c751e8b465ee728b)
Start importing Assets/Mod Assets/3DProps/AncientProps/Pillar.fbx using Guid(44e1bc51d0853468d8baf487909db950) Importer(815301076,1909f56bfc062723c751e8b465ee728b)  -> (artifact id: 'fa7fdff01fd350d9ac6ff57188825215') in 0.083000 seconds 
  Import took 0.091189 seconds .

========================================================================
Received Import Request.
  Time since last request: 0.000418 seconds.
  path: Assets/Karting/Animations/Player/PlayerJump.FBX
  artifactKey: Guid(9f825f613a00f714dae086f20a4a4171) Importer(815301076,1909f56bfc062723c751e8b465ee728b)
Start importing Assets/Karting/Animations/Player/PlayerJump.FBX using Guid(9f825f613a00f714dae086f20a4a4171) Importer(815301076,1909f56bfc062723c751e8b465ee728b)  -> (artifact id: '1b6482d5c7936926be94a444aab27d90') in 0.048988 seconds 
  Import took 0.056980 seconds .

========================================================================
Received Import Request.
  Time since last request: 0.000343 seconds.
  path: Assets/Mod Assets/3DProps/SpaceProps/Rocket.fbx
  artifactKey: Guid(b698994a5dd674ee3997e51d3474a09f) Importer(815301076,1909f56bfc062723c751e8b465ee728b)
Start importing Assets/Mod Assets/3DProps/SpaceProps/Rocket.fbx using Guid(b698994a5dd674ee3997e51d3474a09f) Importer(815301076,1909f56bfc062723c751e8b465ee728b)  -> (artifact id: 'adf4e0bb3bb5e2da88d752589ac05bdf') in 0.053380 seconds 
  Import took 0.060680 seconds .

========================================================================
Received Import Request.
  Time since last request: 0.000415 seconds.
  path: Assets/Karting/Animations/Player/PlayerLeft.FBX
  artifactKey: Guid(1c78222edbf3c0f4280c1289cc46f053) Importer(815301076,1909f56bfc062723c751e8b465ee728b)
Start importing Assets/Karting/Animations/Player/PlayerLeft.FBX using Guid(1c78222edbf3c0f4280c1289cc46f053) Importer(815301076,1909f56bfc062723c751e8b465ee728b)  -> (artifact id: '9e2e3705f211933afff8fb5c6e8151ba') in 0.052181 seconds 
  Import took 0.060612 seconds .

========================================================================
Received Import Request.
  Time since last request: 0.000478 seconds.
  path: Assets/Mod Assets/3DProps/SpaceProps/SatelliteDish.fbx
  artifactKey: Guid(1b5c4d63f30c047a6b5e593599a27c13) Importer(815301076,1909f56bfc062723c751e8b465ee728b)
Start importing Assets/Mod Assets/3DProps/SpaceProps/SatelliteDish.fbx using Guid(1b5c4d63f30c047a6b5e593599a27c13) Importer(815301076,1909f56bfc062723c751e8b465ee728b)  -> (artifact id: 'b39d4fad4d49ae16e024f7427f53d015') in 0.048091 seconds 
  Import took 0.056091 seconds .

========================================================================
Received Import Request.
  Time since last request: 0.000395 seconds.
  path: Assets/Karting/ModularTrackKit/Models/ModularTrackStraight.fbx
  artifactKey: Guid(4c266eccb4ff24ae9aeaf6fa734f60ea) Importer(815301076,1909f56bfc062723c751e8b465ee728b)
Start importing Assets/Karting/ModularTrackKit/Models/ModularTrackStraight.fbx using Guid(4c266eccb4ff24ae9aeaf6fa734f60ea) Importer(815301076,1909f56bfc062723c751e8b465ee728b)  -> (artifact id: '56f53e2bd83d8e124799cc34c85a8c97') in 0.052594 seconds 
  Import took 0.060060 seconds .

========================================================================
Received Import Request.
  Time since last request: 0.000410 seconds.
  path: Assets/Karting/ModularTrackKit/Models/ModularTrackCurveLargeLeft.fbx
  artifactKey: Guid(3cc54c2c67fc34a1abe6fe43c889f8e3) Importer(815301076,1909f56bfc062723c751e8b465ee728b)
Start importing Assets/Karting/ModularTrackKit/Models/ModularTrackCurveLargeLeft.fbx using Guid(3cc54c2c67fc34a1abe6fe43c889f8e3) Importer(815301076,1909f56bfc062723c751e8b465ee728b)  -> (artifact id: '587054c4496aeea4050f2b8ea9fe2207') in 0.056684 seconds 
  Import took 0.064719 seconds .

========================================================================
Received Import Request.
  Time since last request: 0.000480 seconds.
  path: Assets/CartoonTank_Pack/03_Fbx/UI_FBX/UI_Name.FBX
  artifactKey: Guid(5a6c014a3d04fc348a29aacc004cf953) Importer(815301076,1909f56bfc062723c751e8b465ee728b)
Start importing Assets/CartoonTank_Pack/03_Fbx/UI_FBX/UI_Name.FBX using Guid(5a6c014a3d04fc348a29aacc004cf953) Importer(815301076,1909f56bfc062723c751e8b465ee728b)  -> (artifact id: '49151aed20e32ad15ae94e06b8308e47') in 0.045574 seconds 
  Import took 0.057629 seconds .

========================================================================
Received Import Request.
  Time since last request: 0.000449 seconds.
  path: Assets/JU Voxel/Models/Envoriment/Trees/Tree01.fbx
  artifactKey: Guid(7781ee4d7fc6133419f447c06ab3f4ff) Importer(815301076,1909f56bfc062723c751e8b465ee728b)
Start importing Assets/JU Voxel/Models/Envoriment/Trees/Tree01.fbx using Guid(7781ee4d7fc6133419f447c06ab3f4ff) Importer(815301076,1909f56bfc062723c751e8b465ee728b)  -> (artifact id: 'dab0fbffd96e51b48878cdf618a4e5e1') in 0.052952 seconds 
  Import took 0.061830 seconds .

========================================================================
Received Import Request.
  Time since last request: 0.000350 seconds.
  path: Assets/Karting/Animations/Player/PlayerIdle.FBX
  artifactKey: Guid(078f73b46517318428ecaf8e7207124c) Importer(815301076,1909f56bfc062723c751e8b465ee728b)
Start importing Assets/Karting/Animations/Player/PlayerIdle.FBX using Guid(078f73b46517318428ecaf8e7207124c) Importer(815301076,1909f56bfc062723c751e8b465ee728b)  -> (artifact id: 'a523a5f1fbe751b139d225c38e3ea8f8') in 0.048668 seconds 
  Import took 0.056161 seconds .

========================================================================
Received Import Request.
  Time since last request: 0.000363 seconds.
  path: Assets/CartoonTank_Pack/03_Fbx/Tank_FBK/Tank.FBX
  artifactKey: Guid(c5718cce4405848449d2482a3e6fadc6) Importer(815301076,1909f56bfc062723c751e8b465ee728b)
Start importing Assets/CartoonTank_Pack/03_Fbx/Tank_FBK/Tank.FBX using Guid(c5718cce4405848449d2482a3e6fadc6) Importer(815301076,1909f56bfc062723c751e8b465ee728b)  -> (artifact id: '80fd68b2399001dee6360831a43a10eb') in 0.203366 seconds 
  Import took 0.210070 seconds .

========================================================================
Received Import Request.
  Time since last request: 0.000392 seconds.
  path: Assets/CartoonTank_Pack/03_Fbx/BG_Fbx/Ground02.FBX
  artifactKey: Guid(39268b3449727714988eb690a92a11e6) Importer(815301076,1909f56bfc062723c751e8b465ee728b)
Start importing Assets/CartoonTank_Pack/03_Fbx/BG_Fbx/Ground02.FBX using Guid(39268b3449727714988eb690a92a11e6) Importer(815301076,1909f56bfc062723c751e8b465ee728b)  -> (artifact id: '5dcb85ed0276250bebbbc9adc9e40dd6') in 0.036034 seconds 
  Import took 0.042873 seconds .

========================================================================
Received Import Request.
  Time since last request: 0.000382 seconds.
  path: Assets/Karting/Art/Models/Kart_Classic/KartClassic_Body.fbx
  artifactKey: Guid(d3aa50a8114db7a4e95c5cb29a283ac4) Importer(815301076,1909f56bfc062723c751e8b465ee728b)
Start importing Assets/Karting/Art/Models/Kart_Classic/KartClassic_Body.fbx using Guid(d3aa50a8114db7a4e95c5cb29a283ac4) Importer(815301076,1909f56bfc062723c751e8b465ee728b)  -> (artifact id: 'a556a67f8af0acd485765e7031ee3d34') in 0.047691 seconds 
  Import took 0.054936 seconds .

========================================================================
Received Import Request.
  Time since last request: 0.000393 seconds.
  path: Assets/Mod Assets/ModResources/BillboardMeshes/billboard_3D_tall.fbx
  artifactKey: Guid(ae9da133c804d4fd8b985969f814bfdc) Importer(815301076,1909f56bfc062723c751e8b465ee728b)
Start importing Assets/Mod Assets/ModResources/BillboardMeshes/billboard_3D_tall.fbx using Guid(ae9da133c804d4fd8b985969f814bfdc) Importer(815301076,1909f56bfc062723c751e8b465ee728b)  -> (artifact id: '0b11196e4f0156428fe22ae6c79ed996') in 0.057727 seconds 
  Import took 0.064893 seconds .

========================================================================
Received Import Request.
  Time since last request: 0.000416 seconds.
  path: Assets/Karting/Art/Models/Kart_Classic/KartClassic_Wheels.fbx
  artifactKey: Guid(305a556307b36464395aa157cffcd3db) Importer(815301076,1909f56bfc062723c751e8b465ee728b)
Start importing Assets/Karting/Art/Models/Kart_Classic/KartClassic_Wheels.fbx using Guid(305a556307b36464395aa157cffcd3db) Importer(815301076,1909f56bfc062723c751e8b465ee728b)  -> (artifact id: '15339b7ed9df26bae0b707712f8fab68') in 0.077514 seconds 
  Import took 0.084598 seconds .

========================================================================
Received Import Request.
  Time since last request: 0.000351 seconds.
  path: Assets/Mod Assets/3DProps/AncientProps/MoaiHead.fbx
  artifactKey: Guid(3ce0ea2030a24458eb9e3ec8fbae0a88) Importer(815301076,1909f56bfc062723c751e8b465ee728b)
Start importing Assets/Mod Assets/3DProps/AncientProps/MoaiHead.fbx using Guid(3ce0ea2030a24458eb9e3ec8fbae0a88) Importer(815301076,1909f56bfc062723c751e8b465ee728b)  -> (artifact id: '8871dc6ff9ca7e6dc393bf1215bf6355') in 0.049590 seconds 
  Import took 0.056016 seconds .

========================================================================
Received Import Request.
  Time since last request: 0.000392 seconds.
  path: Assets/Karting/ModularTrackKit/Models/ModularTrackCantMediumRight.fbx
  artifactKey: Guid(da23b199c8ab5479e812925e733aaf8f) Importer(815301076,1909f56bfc062723c751e8b465ee728b)
Start importing Assets/Karting/ModularTrackKit/Models/ModularTrackCantMediumRight.fbx using Guid(da23b199c8ab5479e812925e733aaf8f) Importer(815301076,1909f56bfc062723c751e8b465ee728b)  -> (artifact id: '67aa99ad544c0323a5b8f4bbdfea5bd8') in 0.049791 seconds 
  Import took 0.056693 seconds .

========================================================================
Received Import Request.
  Time since last request: 0.000391 seconds.
  path: Assets/Karting/ModularTrackKit/Models/ModularTrackSpiralRight.fbx
  artifactKey: Guid(c7a29af1540b44b788f2c5e5cafe7a7c) Importer(815301076,1909f56bfc062723c751e8b465ee728b)
Start importing Assets/Karting/ModularTrackKit/Models/ModularTrackSpiralRight.fbx using Guid(c7a29af1540b44b788f2c5e5cafe7a7c) Importer(815301076,1909f56bfc062723c751e8b465ee728b)  -> (artifact id: '8e8a42582430dd5355a6b6dee2c968b0') in 0.056232 seconds 
  Import took 0.063734 seconds .

========================================================================
Received Import Request.
  Time since last request: 0.000422 seconds.
  path: Assets/Karting/ModularTrackKit/Models/ModularTrackCantSmallRight.fbx
  artifactKey: Guid(52f3b50c1579446dfa7dac35f5ac2e0a) Importer(815301076,1909f56bfc062723c751e8b465ee728b)
Start importing Assets/Karting/ModularTrackKit/Models/ModularTrackCantSmallRight.fbx using Guid(52f3b50c1579446dfa7dac35f5ac2e0a) Importer(815301076,1909f56bfc062723c751e8b465ee728b)  -> (artifact id: '5bf4fadfc3bac32337cd4be5b2f18982') in 0.054503 seconds 
  Import took 0.062796 seconds .

========================================================================
Received Import Request.
  Time since last request: 0.000417 seconds.
  path: Assets/Karting/ModularTrackKit/Models/ModularTrackSCurveLeft.fbx
  artifactKey: Guid(becaefafb9fa24fe8bc0bbb4ce749bcc) Importer(815301076,1909f56bfc062723c751e8b465ee728b)
Start importing Assets/Karting/ModularTrackKit/Models/ModularTrackSCurveLeft.fbx using Guid(becaefafb9fa24fe8bc0bbb4ce749bcc) Importer(815301076,1909f56bfc062723c751e8b465ee728b)  -> (artifact id: '9c90579933c01832d8a8aba31cee51e5') in 0.050496 seconds 
  Import took 0.057928 seconds .

========================================================================
Received Import Request.
  Time since last request: 0.000391 seconds.
  path: Assets/Mod Assets/3DProps/AncientProps/Pyramid.fbx
  artifactKey: Guid(855be228fb4e849aea507dabde98fbff) Importer(815301076,1909f56bfc062723c751e8b465ee728b)
Start importing Assets/Mod Assets/3DProps/AncientProps/Pyramid.fbx using Guid(855be228fb4e849aea507dabde98fbff) Importer(815301076,1909f56bfc062723c751e8b465ee728b)  -> (artifact id: 'a6f6a3684a31d0932927af1b64f75f6b') in 0.046306 seconds 
  Import took 0.053445 seconds .

========================================================================
Received Import Request.
  Time since last request: 0.000369 seconds.
  path: Assets/Karting/ModularTrackKit/Models/ModularTrackSpiralLeft.fbx
  artifactKey: Guid(5830767f6fba8446ebc1160d406849b5) Importer(815301076,1909f56bfc062723c751e8b465ee728b)
Start importing Assets/Karting/ModularTrackKit/Models/ModularTrackSpiralLeft.fbx using Guid(5830767f6fba8446ebc1160d406849b5) Importer(815301076,1909f56bfc062723c751e8b465ee728b)  -> (artifact id: '0ad5293df3be5f0b435d760a37761a6e') in 0.056277 seconds 
  Import took 0.062844 seconds .

========================================================================
Received Import Request.
  Time since last request: 0.000395 seconds.
  path: Assets/Karting/ModularTrackKit/Models/ModularTrackCurveMediumLeft.fbx
  artifactKey: Guid(fd8897a9f46db4ff1ba74975ec44af36) Importer(815301076,1909f56bfc062723c751e8b465ee728b)
Start importing Assets/Karting/ModularTrackKit/Models/ModularTrackCurveMediumLeft.fbx using Guid(fd8897a9f46db4ff1ba74975ec44af36) Importer(815301076,1909f56bfc062723c751e8b465ee728b)  -> (artifact id: 'b997ab27d7370fb399efc546bc9fb706') in 0.053265 seconds 
  Import took 0.060204 seconds .

========================================================================
Received Import Request.
  Time since last request: 0.000393 seconds.
  path: Assets/Karting/ModularTrackKit/Models/ModularTrackRampCurveLeft.fbx
  artifactKey: Guid(05fede2a6022d42b1ade2912387039fa) Importer(815301076,1909f56bfc062723c751e8b465ee728b)
Start importing Assets/Karting/ModularTrackKit/Models/ModularTrackRampCurveLeft.fbx using Guid(05fede2a6022d42b1ade2912387039fa) Importer(815301076,1909f56bfc062723c751e8b465ee728b)  -> (artifact id: '168d2a992d79352140a90c50c0a71f58') in 0.052409 seconds 
  Import took 0.059173 seconds .

========================================================================
Received Import Request.
  Time since last request: 0.000386 seconds.
  path: Assets/Karting/ModularTrackKit/Models/ModularTrackRamp.fbx
  artifactKey: Guid(fb55a8802f7114aceb2a7d7f0918153b) Importer(815301076,1909f56bfc062723c751e8b465ee728b)
Start importing Assets/Karting/ModularTrackKit/Models/ModularTrackRamp.fbx using Guid(fb55a8802f7114aceb2a7d7f0918153b) Importer(815301076,1909f56bfc062723c751e8b465ee728b)  -> (artifact id: 'f793b2bb8c14fe2648248fcc33afb498') in 0.053574 seconds 
  Import took 0.060464 seconds .

========================================================================
Received Import Request.
  Time since last request: 0.000375 seconds.
  path: Assets/Karting/ModularTrackKit/Models/ModularTrackRampCurveRight.fbx
  artifactKey: Guid(f06addda049014caaa30b7f4b73e447d) Importer(815301076,1909f56bfc062723c751e8b465ee728b)
Start importing Assets/Karting/ModularTrackKit/Models/ModularTrackRampCurveRight.fbx using Guid(f06addda049014caaa30b7f4b73e447d) Importer(815301076,1909f56bfc062723c751e8b465ee728b)  -> (artifact id: '385123118d0c8ddc7d256c5adcbc744c') in 0.048746 seconds 
  Import took 0.055862 seconds .

========================================================================
Received Import Request.
  Time since last request: 0.000405 seconds.
  path: Assets/Karting/ModularTrackKit/Models/ModularTrackSCurveRight.fbx
  artifactKey: Guid(109245566253c1c4aaa181dd71fad1a5) Importer(815301076,1909f56bfc062723c751e8b465ee728b)
Start importing Assets/Karting/ModularTrackKit/Models/ModularTrackSCurveRight.fbx using Guid(109245566253c1c4aaa181dd71fad1a5) Importer(815301076,1909f56bfc062723c751e8b465ee728b)  -> (artifact id: '2c7a9e8fd0f344406dcce8a380abe90e') in 0.055216 seconds 
  Import took 0.064273 seconds .

========================================================================
Received Import Request.
  Time since last request: 0.000478 seconds.
  path: Assets/CartoonTank_Pack/03_Fbx/BG_Fbx/Ground01.FBX
  artifactKey: Guid(d0bc9ce49cd524c4e887fa1f480418fb) Importer(815301076,1909f56bfc062723c751e8b465ee728b)
Start importing Assets/CartoonTank_Pack/03_Fbx/BG_Fbx/Ground01.FBX using Guid(d0bc9ce49cd524c4e887fa1f480418fb) Importer(815301076,1909f56bfc062723c751e8b465ee728b)  -> (artifact id: '67a23e99c7fb96a379890ddb32b940d9') in 0.042968 seconds 
  Import took 0.050244 seconds .

========================================================================
Received Import Request.
  Time since last request: 0.000413 seconds.
  path: Assets/CartoonTank_Pack/03_Fbx/UI_FBX/UI_Option.FBX
  artifactKey: Guid(ea97b98b3e27c1a4296b3a6645c7f273) Importer(815301076,1909f56bfc062723c751e8b465ee728b)
Start importing Assets/CartoonTank_Pack/03_Fbx/UI_FBX/UI_Option.FBX using Guid(ea97b98b3e27c1a4296b3a6645c7f273) Importer(815301076,1909f56bfc062723c751e8b465ee728b)  -> (artifact id: '1e8be2dffd2b51d087641a91e89f4682') in 0.158779 seconds 
  Import took 0.165533 seconds .

========================================================================
Received Import Request.
  Time since last request: 4.680085 seconds.
  path: Assets/Cube_World/Prefabs/Props/Grass_01.prefab
  artifactKey: Guid(16c1692a49faae54ebc8fc06f8ccd48b) Importer(815301076,1909f56bfc062723c751e8b465ee728b)
Start importing Assets/Cube_World/Prefabs/Props/Grass_01.prefab using Guid(16c1692a49faae54ebc8fc06f8ccd48b) Importer(815301076,1909f56bfc062723c751e8b465ee728b)  -> (artifact id: '7492feb7f356d842ce9583b54116c4d5') in 0.058893 seconds 
  Import took 0.067468 seconds .

========================================================================
Received Import Request.
  Time since last request: 0.000418 seconds.
  path: Assets/Cube_World/Prefabs/Props/Grass_02.prefab
  artifactKey: Guid(6bdb6b60f40a22f4b97ff1462b47c30d) Importer(815301076,1909f56bfc062723c751e8b465ee728b)
Start importing Assets/Cube_World/Prefabs/Props/Grass_02.prefab using Guid(6bdb6b60f40a22f4b97ff1462b47c30d) Importer(815301076,1909f56bfc062723c751e8b465ee728b)  -> (artifact id: 'cf9d29b8cd39b3aae636190118cf872a') in 0.031557 seconds 
  Import took 0.040033 seconds .

========================================================================
Received Prepare
Registering precompiled user dll's ...
Registered in 0.027281 seconds.
Begin MonoManager ReloadAssembly
Native extension for WindowsStandalone target not found
Refreshing native plugins compatible for Editor in 0.83 ms, found 3 plugins.
Preloading 0 native plugins for Editor in 0.00 ms.
Mono: successfully reloaded assembly
- Completed reload, in  1.635 seconds
Domain Reload Profiling:
	ReloadAssembly (1635ms)
		BeginReloadAssembly (194ms)
			ExecutionOrderSort (0ms)
			DisableScriptedObjects (4ms)
			BackupInstance (0ms)
			ReleaseScriptingObjects (0ms)
			CreateAndSetChildDomain (58ms)
		EndReloadAssembly (1357ms)
			LoadAssemblies (166ms)
			RebuildTransferFunctionScriptingTraits (0ms)
			SetupTypeCache (391ms)
			ReleaseScriptCaches (1ms)
			RebuildScriptCaches (63ms)
			SetupLoadedEditorAssemblies (617ms)
				LogAssemblyErrors (0ms)
				InitializePlatformSupportModulesInManaged (6ms)
				SetLoadedEditorAssemblies (1ms)
				RefreshPlugins (1ms)
				BeforeProcessingInitializeOnLoad (108ms)
				ProcessInitializeOnLoadAttributes (475ms)
				ProcessInitializeOnLoadMethodAttributes (11ms)
				AfterProcessingInitializeOnLoad (15ms)
				EditorAssembliesLoaded (0ms)
			ExecutionOrderSort2 (0ms)
			AwakeInstancesAfterBackupRestoration (19ms)
Platform modules already initialized, skipping
Refreshing native plugins compatible for Editor in 0.85 ms, found 3 plugins.
Preloading 0 native plugins for Editor in 0.00 ms.
Unloading 2795 Unused Serialized files (Serialized files now loaded: 0)
System memory in use before: 130.4 MB.
System memory in use after: 130.6 MB.

Unloading 31 unused Assets to reduce memory usage. Loaded Objects now: 3371.
Total: 5.484700 ms (FindLiveObjects: 0.370700 ms CreateObjectMapping: 0.141000 ms MarkObjects: 4.866900 ms  DeleteObjects: 0.104400 ms)

AssetImportParameters requested are different than current active one (requested -> active):
  custom:framework-win-MediaFoundation: 216162199b28c13a410421893ffa2e32 -> 
  custom:video-decoder-ogg-theora: a1e56fd34408186e4bbccfd4996cb3dc -> 
  custom:container-muxer-webm: aa71ff27fc2769a1b78a27578f13a17b -> 
  custom:container-demuxer-webm: 4f35f7cbe854078d1ac9338744f61a02 -> 
  custom:container-demuxer-ogg: 62fdf1f143b41e24485cea50d1cbac27 -> 
  custom:video-encoder-webm-vp8: eb34c28f22e8b96e1ab97ce403110664 -> 
  custom:video-codec-MediaFoundation-h265: 746d11721c4dcdbdad8f713fa42b33f4 -> 
  custom:video-decoder-webm-vp8: 9c59270c3fd7afecdb556c50c9e8de78 -> 
  custom:audio-decoder-ogg-vorbis: bf7c407c2cedff20999df2af8eb42d56 -> 
  custom:audio-encoder-webm-vorbis: bf7c407c2cedff20999df2af8eb42d56 -> 
========================================================================
Received Prepare
Registering precompiled user dll's ...
Registered in 0.018478 seconds.
Begin MonoManager ReloadAssembly
Native extension for WindowsStandalone target not found
Refreshing native plugins compatible for Editor in 1.53 ms, found 3 plugins.
Preloading 0 native plugins for Editor in 0.00 ms.
Mono: successfully reloaded assembly
- Completed reload, in  1.999 seconds
Domain Reload Profiling:
	ReloadAssembly (1999ms)
		BeginReloadAssembly (274ms)
			ExecutionOrderSort (0ms)
			DisableScriptedObjects (8ms)
			BackupInstance (0ms)
			ReleaseScriptingObjects (0ms)
			CreateAndSetChildDomain (72ms)
		EndReloadAssembly (1604ms)
			LoadAssemblies (238ms)
			RebuildTransferFunctionScriptingTraits (0ms)
			SetupTypeCache (499ms)
			ReleaseScriptCaches (2ms)
			RebuildScriptCaches (63ms)
			SetupLoadedEditorAssemblies (696ms)
				LogAssemblyErrors (0ms)
				InitializePlatformSupportModulesInManaged (8ms)
				SetLoadedEditorAssemblies (1ms)
				RefreshPlugins (2ms)
				BeforeProcessingInitializeOnLoad (116ms)
				ProcessInitializeOnLoadAttributes (544ms)
				ProcessInitializeOnLoadMethodAttributes (11ms)
				AfterProcessingInitializeOnLoad (15ms)
				EditorAssembliesLoaded (0ms)
			ExecutionOrderSort2 (0ms)
			AwakeInstancesAfterBackupRestoration (20ms)
Platform modules already initialized, skipping
Refreshing native plugins compatible for Editor in 0.93 ms, found 3 plugins.
Preloading 0 native plugins for Editor in 0.00 ms.
Unloading 2795 Unused Serialized files (Serialized files now loaded: 0)
System memory in use before: 130.4 MB.
System memory in use after: 130.6 MB.

Unloading 30 unused Assets to reduce memory usage. Loaded Objects now: 3374.
Total: 5.829900 ms (FindLiveObjects: 0.403300 ms CreateObjectMapping: 0.200100 ms MarkObjects: 5.121100 ms  DeleteObjects: 0.103600 ms)

AssetImportParameters requested are different than current active one (requested -> active):
  custom:framework-win-MediaFoundation: 216162199b28c13a410421893ffa2e32 -> 
  custom:video-decoder-ogg-theora: a1e56fd34408186e4bbccfd4996cb3dc -> 
  custom:container-muxer-webm: aa71ff27fc2769a1b78a27578f13a17b -> 
  custom:container-demuxer-webm: 4f35f7cbe854078d1ac9338744f61a02 -> 
  custom:container-demuxer-ogg: 62fdf1f143b41e24485cea50d1cbac27 -> 
  custom:video-encoder-webm-vp8: eb34c28f22e8b96e1ab97ce403110664 -> 
  custom:video-codec-MediaFoundation-h265: 746d11721c4dcdbdad8f713fa42b33f4 -> 
  custom:video-decoder-webm-vp8: 9c59270c3fd7afecdb556c50c9e8de78 -> 
  custom:audio-decoder-ogg-vorbis: bf7c407c2cedff20999df2af8eb42d56 -> 
  custom:audio-encoder-webm-vorbis: bf7c407c2cedff20999df2af8eb42d56 -> 
========================================================================
Received Prepare
Registering precompiled user dll's ...
Registered in 0.020776 seconds.
Begin MonoManager ReloadAssembly
Native extension for WindowsStandalone target not found
Refreshing native plugins compatible for Editor in 0.92 ms, found 3 plugins.
Preloading 0 native plugins for Editor in 0.00 ms.
Mono: successfully reloaded assembly
- Completed reload, in  1.708 seconds
Domain Reload Profiling:
	ReloadAssembly (1709ms)
		BeginReloadAssembly (209ms)
			ExecutionOrderSort (0ms)
			DisableScriptedObjects (6ms)
			BackupInstance (0ms)
			ReleaseScriptingObjects (0ms)
			CreateAndSetChildDomain (59ms)
		EndReloadAssembly (1408ms)
			LoadAssemblies (186ms)
			RebuildTransferFunctionScriptingTraits (0ms)
			SetupTypeCache (420ms)
			ReleaseScriptCaches (1ms)
			RebuildScriptCaches (55ms)
			SetupLoadedEditorAssemblies (631ms)
				LogAssemblyErrors (0ms)
				InitializePlatformSupportModulesInManaged (7ms)
				SetLoadedEditorAssemblies (1ms)
				RefreshPlugins (1ms)
				BeforeProcessingInitializeOnLoad (107ms)
				ProcessInitializeOnLoadAttributes (485ms)
				ProcessInitializeOnLoadMethodAttributes (13ms)
				AfterProcessingInitializeOnLoad (17ms)
				EditorAssembliesLoaded (0ms)
			ExecutionOrderSort2 (0ms)
			AwakeInstancesAfterBackupRestoration (28ms)
Platform modules already initialized, skipping
Refreshing native plugins compatible for Editor in 1.47 ms, found 3 plugins.
Preloading 0 native plugins for Editor in 0.00 ms.
Unloading 2795 Unused Serialized files (Serialized files now loaded: 0)
System memory in use before: 130.4 MB.
System memory in use after: 130.6 MB.

Unloading 30 unused Assets to reduce memory usage. Loaded Objects now: 3377.
Total: 5.825700 ms (FindLiveObjects: 0.478800 ms CreateObjectMapping: 0.247300 ms MarkObjects: 4.968100 ms  DeleteObjects: 0.129900 ms)

AssetImportParameters requested are different than current active one (requested -> active):
  custom:framework-win-MediaFoundation: 216162199b28c13a410421893ffa2e32 -> 
  custom:video-decoder-ogg-theora: a1e56fd34408186e4bbccfd4996cb3dc -> 
  custom:container-muxer-webm: aa71ff27fc2769a1b78a27578f13a17b -> 
  custom:container-demuxer-webm: 4f35f7cbe854078d1ac9338744f61a02 -> 
  custom:container-demuxer-ogg: 62fdf1f143b41e24485cea50d1cbac27 -> 
  custom:video-encoder-webm-vp8: eb34c28f22e8b96e1ab97ce403110664 -> 
  custom:video-codec-MediaFoundation-h265: 746d11721c4dcdbdad8f713fa42b33f4 -> 
  custom:video-decoder-webm-vp8: 9c59270c3fd7afecdb556c50c9e8de78 -> 
  custom:audio-decoder-ogg-vorbis: bf7c407c2cedff20999df2af8eb42d56 -> 
  custom:audio-encoder-webm-vorbis: bf7c407c2cedff20999df2af8eb42d56 -> 
========================================================================
Received Prepare
Registering precompiled user dll's ...
Registered in 0.019032 seconds.
Begin MonoManager ReloadAssembly
Native extension for WindowsStandalone target not found
Refreshing native plugins compatible for Editor in 0.84 ms, found 3 plugins.
Preloading 0 native plugins for Editor in 0.00 ms.
Mono: successfully reloaded assembly
- Completed reload, in  1.611 seconds
Domain Reload Profiling:
	ReloadAssembly (1612ms)
		BeginReloadAssembly (214ms)
			ExecutionOrderSort (0ms)
			DisableScriptedObjects (5ms)
			BackupInstance (0ms)
			ReleaseScriptingObjects (0ms)
			CreateAndSetChildDomain (65ms)
		EndReloadAssembly (1312ms)
			LoadAssemblies (175ms)
			RebuildTransferFunctionScriptingTraits (0ms)
			SetupTypeCache (398ms)
			ReleaseScriptCaches (1ms)
			RebuildScriptCaches (51ms)
			SetupLoadedEditorAssemblies (584ms)
				LogAssemblyErrors (0ms)
				InitializePlatformSupportModulesInManaged (6ms)
				SetLoadedEditorAssemblies (1ms)
				RefreshPlugins (1ms)
				BeforeProcessingInitializeOnLoad (105ms)
				ProcessInitializeOnLoadAttributes (445ms)
				ProcessInitializeOnLoadMethodAttributes (11ms)
				AfterProcessingInitializeOnLoad (15ms)
				EditorAssembliesLoaded (0ms)
			ExecutionOrderSort2 (0ms)
			AwakeInstancesAfterBackupRestoration (21ms)
Platform modules already initialized, skipping
Refreshing native plugins compatible for Editor in 1.56 ms, found 3 plugins.
Preloading 0 native plugins for Editor in 0.00 ms.
Unloading 2795 Unused Serialized files (Serialized files now loaded: 0)
System memory in use before: 130.4 MB.
System memory in use after: 130.6 MB.

Unloading 30 unused Assets to reduce memory usage. Loaded Objects now: 3380.
Total: 5.425500 ms (FindLiveObjects: 0.523100 ms CreateObjectMapping: 0.207200 ms MarkObjects: 4.612400 ms  DeleteObjects: 0.081300 ms)

AssetImportParameters requested are different than current active one (requested -> active):
  custom:framework-win-MediaFoundation: 216162199b28c13a410421893ffa2e32 -> 
  custom:video-decoder-ogg-theora: a1e56fd34408186e4bbccfd4996cb3dc -> 
  custom:container-muxer-webm: aa71ff27fc2769a1b78a27578f13a17b -> 
  custom:container-demuxer-webm: 4f35f7cbe854078d1ac9338744f61a02 -> 
  custom:container-demuxer-ogg: 62fdf1f143b41e24485cea50d1cbac27 -> 
  custom:video-encoder-webm-vp8: eb34c28f22e8b96e1ab97ce403110664 -> 
  custom:video-codec-MediaFoundation-h265: 746d11721c4dcdbdad8f713fa42b33f4 -> 
  custom:video-decoder-webm-vp8: 9c59270c3fd7afecdb556c50c9e8de78 -> 
  custom:audio-decoder-ogg-vorbis: bf7c407c2cedff20999df2af8eb42d56 -> 
  custom:audio-encoder-webm-vorbis: bf7c407c2cedff20999df2af8eb42d56 -> 
AssetImportWorkerClient::OnTransportError - code=2 error=End of file
